app/build/outputs/logs/manifest-merger-debug-report.txt
-- Merging decision tree log ---
manifest
ADDED from src/main/AndroidManifest.xml:2:1-37:12
INJECTED from src/main/AndroidManifest.xml:2:1-37:12
INJECTED from src/main/AndroidManifest.xml:2:1-37:12
INJECTED from src/main/AndroidManifest.xml:2:1-37:12
MERGED from [com.android.support:multidex:1.0.3] AndroidManifest.xml:17:1-22:12
MERGED from [com.android.support:design:28.0.0-alpha1] AndroidManifest.xml:17:1-24:12
MERGED from [com.android.support:customtabs:28.0.0-alpha1] AndroidManifest.xml:17:1-23:12
MERGED from [com.android.support:design-bottomappbar:28.0.0-alpha1] AndroidManifest.xml:17:1-24:12
MERGED from [com.android.support:design-theme:28.0.0-alpha1] AndroidManifest.xml:17:1-24:12
MERGED from [com.android.support:design-transformation:28.0.0-alpha1] AndroidManifest.xml:17:1-24:12
MERGED from [com.android.support:design-widget:28.0.0-alpha1] AndroidManifest.xml:17:1-24:12
MERGED from [com.android.support:design-bottomsheet:28.0.0-alpha1] AndroidManifest.xml:17:1-24:12
MERGED from [com.android.support:design-dialog:28.0.0-alpha1] AndroidManifest.xml:17:1-24:12
MERGED from [com.android.support:design-button:28.0.0-alpha1] AndroidManifest.xml:17:1-24:12
MERGED from [com.android.support:design-card:28.0.0-alpha1] AndroidManifest.xml:17:1-24:12
MERGED from [com.android.support:design-chip:28.0.0-alpha1] AndroidManifest.xml:17:1-24:12
MERGED from [com.android.support:design-internal:28.0.0-alpha1] AndroidManifest.xml:17:1-24:12
MERGED from [com.android.support:design-bottomnavigation:28.0.0-alpha1] AndroidManifest.xml:17:1-24:12
MERGED from [com.android.support:design-floatingactionbutton:28.0.0-alpha1] AndroidManifest.xml:17:1-24:12
MERGED from [com.android.support:design-navigation:28.0.0-alpha1] AndroidManifest.xml:17:1-24:12
MERGED from [com.android.support:design-resources:28.0.0-alpha1] AndroidManifest.xml:17:1-24:12
MERGED from [com.android.support:design-tabs:28.0.0-alpha1] AndroidManifest.xml:17:1-24:12
MERGED from [com.android.support:design-textfield:28.0.0-alpha1] AndroidManifest.xml:17:1-24:12
MERGED from [com.android.support:design-typography:28.0.0-alpha1] AndroidManifest.xml:17:1-24:12
MERGED from [com.android.support:design-shape:28.0.0-alpha1] AndroidManifest.xml:17:1-24:12
MERGED from [com.android.support:appcompat-v7:28.0.0-alpha1] AndroidManifest.xml:17:1-23:12
MERGED from [com.android.support:animated-vector-drawable:28.0.0-alpha1] AndroidManifest.xml:17:1-23:12
MERGED from [com.android.support:support-vector-drawable:28.0.0-alpha1] AndroidManifest.xml:17:1-22:12
MERGED from [com.google.firebase:firebase-database:16.0.1] AndroidManifest.xml:2:1-8:12
MERGED from [com.google.firebase:firebase-firestore:17.1.0] AndroidManifest.xml:2:1-21:12
MERGED from [com.google.firebase:firebase-storage:16.0.1] AndroidManifest.xml:2:1-7:12
MERGED from [com.google.firebase:firebase-auth:16.0.3] AndroidManifest.xml:17:1-38:12
MERGED from [com.google.firebase:firebase-messaging:17.3.0] AndroidManifest.xml:17:1-37:12
MERGED from [com.google.firebase:firebase-core:16.0.3] AndroidManifest.xml:2:1-9:12
MERGED from [com.google.firebase:firebase-measurement-connector-impl:17.0.1] AndroidManifest.xml:17:1-34:12
MERGED from [com.google.firebase:firebase-analytics:16.0.3] AndroidManifest.xml:17:1-55:12
MERGED from [com.google.android.gms:play-services-flags:15.0.1] AndroidManifest.xml:17:1-22:12
MERGED from [com.google.firebase:firebase-auth-interop:16.0.0] AndroidManifest.xml:2:1-10:12
MERGED from [com.google.android.gms:play-services-measurement-api:16.0.1] AndroidManifest.xml:17:1-25:12
MERGED from [com.google.firebase:firebase-analytics-impl:16.2.1] AndroidManifest.xml:17:1-40:12
MERGED from [com.google.firebase:firebase-iid:17.0.0] AndroidManifest.xml:17:1-59:12
MERGED from [com.google.firebase:firebase-iid-interop:16.0.0] AndroidManifest.xml:2:1-10:12
MERGED from [com.google.android.gms:play-services-base:15.0.1] AndroidManifest.xml:17:1-29:12
MERGED from [com.google.firebase:firebase-database-connection:16.0.1] AndroidManifest.xml:2:1-10:12
MERGED from [com.google.firebase:firebase-common:16.0.1] AndroidManifest.xml:2:1-17:12
MERGED from [com.google.android.gms:play-services-tasks:15.0.1] AndroidManifest.xml:2:1-9:12
MERGED from [com.google.firebase:firebase-database-collection:15.0.1] AndroidManifest.xml:2:1-8:12
MERGED from [com.google.firebase:firebase-storage-common:16.0.1] AndroidManifest.xml:2:1-10:12
MERGED from [com.google.android.gms:play-services-stats:15.0.1] AndroidManifest.xml:2:1-9:12
MERGED from [com.google.android.gms:play-services-ads-identifier:15.0.1] AndroidManifest.xml:17:1-24:12
MERGED from [com.google.firebase:firebase-measurement-connector:17.0.0] AndroidManifest.xml:17:1-25:12
MERGED from [com.google.android.gms:play-services-basement:15.0.1] AndroidManifest.xml:17:1-28:12
MERGED from [com.android.support:support-v4:28.0.0-alpha1] AndroidManifest.xml:17:1-23:12
MERGED from [com.android.support:support-media-compat:28.0.0-alpha1] AndroidManifest.xml:17:1-23:12
MERGED from [com.android.support.constraint:constraint-layout:1.1.2] AndroidManifest.xml:2:1-11:12
MERGED from [com.android.support:support-fragment:28.0.0-alpha1] AndroidManifest.xml:17:1-23:12
MERGED from [com.android.support:recyclerview-v7:28.0.0-alpha1] AndroidManifest.xml:17:1-23:12
MERGED from [com.android.support:design-animation:28.0.0-alpha1] AndroidManifest.xml:17:1-24:12
MERGED from [com.android.support:design-circularreveal-coordinatorlayout:28.0.0-alpha1] AndroidManifest.xml:17:1-24:12
MERGED from [com.android.support:design-expandable:28.0.0-alpha1] AndroidManifest.xml:17:1-24:12
MERGED from [com.android.support:design-stateful:28.0.0-alpha1] AndroidManifest.xml:17:1-24:12
MERGED from [com.android.support:support-core-ui:28.0.0-alpha1] AndroidManifest.xml:17:1-23:12
MERGED from [com.android.support:design-ripple:28.0.0-alpha1] AndroidManifest.xml:17:1-24:12
MERGED from [com.android.support:support-core-utils:28.0.0-alpha1] AndroidManifest.xml:17:1-23:12
MERGED from [com.android.support:transition:28.0.0-alpha1] AndroidManifest.xml:17:1-23:12
MERGED from [com.android.support:loader:28.0.0-alpha1] AndroidManifest.xml:17:1-23:12
MERGED from [com.android.support:viewpager:28.0.0-alpha1] AndroidManifest.xml:17:1-23:12
MERGED from [com.android.support:coordinatorlayout:28.0.0-alpha1] AndroidManifest.xml:17:1-23:12
MERGED from [com.android.support:drawerlayout:28.0.0-alpha1] AndroidManifest.xml:17:1-23:12
MERGED from [com.android.support:slidingpanelayout:28.0.0-alpha1] AndroidManifest.xml:17:1-23:12
MERGED from [com.android.support:customview:28.0.0-alpha1] AndroidManifest.xml:17:1-23:12
MERGED from [com.android.support:swiperefreshlayout:28.0.0-alpha1] AndroidManifest.xml:17:1-23:12
MERGED from [com.android.support:asynclayoutinflater:28.0.0-alpha1] AndroidManifest.xml:17:1-23:12
MERGED from [com.android.support:support-compat:28.0.0-alpha1] AndroidManifest.xml:17:1-23:12
MERGED from [com.android.support:design-canvas:28.0.0-alpha1] AndroidManifest.xml:17:1-24:12
MERGED from [com.android.support:design-circularreveal-cardview:28.0.0-alpha1] AndroidManifest.xml:17:1-24:12
MERGED from [com.android.support:design-circularreveal:28.0.0-alpha1] AndroidManifest.xml:17:1-24:12
MERGED from [com.android.support:design-drawable:28.0.0-alpha1] AndroidManifest.xml:17:1-24:12
MERGED from [com.android.support:documentfile:28.0.0-alpha1] AndroidManifest.xml:17:1-23:12
MERGED from [com.android.support:localbroadcastmanager:28.0.0-alpha1] AndroidManifest.xml:17:1-23:12
MERGED from [com.android.support:print:28.0.0-alpha1] AndroidManifest.xml:17:1-23:12
MERGED from [com.android.support:interpolator:28.0.0-alpha1] AndroidManifest.xml:17:1-23:12
MERGED from [com.android.support:cursoradapter:28.0.0-alpha1] AndroidManifest.xml:17:1-23:12
MERGED from [com.android.support:cardview-v7:28.0.0-alpha1] AndroidManifest.xml:17:1-23:12
MERGED from [android.arch.lifecycle:runtime:1.1.0] AndroidManifest.xml:17:1-22:12
MERGED from [android.arch.lifecycle:livedata-core:1.1.0] AndroidManifest.xml:17:1-22:12
MERGED from [android.arch.core:runtime:1.1.0] AndroidManifest.xml:17:1-22:12
MERGED from [com.android.support:design-color:28.0.0-alpha1] AndroidManifest.xml:17:1-24:12
MERGED from [com.android.support:design-math:28.0.0-alpha1] AndroidManifest.xml:17:1-24:12
MERGED from [com.android.support:design-snackbar:28.0.0-alpha1] AndroidManifest.xml:17:1-24:12
MERGED from [com.google.firebase:protolite-well-known-types:16.0.0] AndroidManifest.xml:2:1-11:12
MERGED from [android.arch.lifecycle:viewmodel:1.1.0] AndroidManifest.xml:17:1-22:12
MERGED from [com.google.android.gms:play-services-measurement-base:16.0.2] AndroidManifest.xml:2:1-9:12
INJECTED from src/main/AndroidManifest.xml:2:1-37:12
INJECTED from src/main/AndroidManifest.xml:2:1-37:12
INJECTED from src/main/AndroidManifest.xml:2:1-37:12
	package
		ADDED from src/main/AndroidManifest.xml:3:5-46
		INJECTED from src/main/AndroidManifest.xml
		INJECTED from src/main/AndroidManifest.xml
	android:versionName
		INJECTED from src/main/AndroidManifest.xml
		ADDED from src/main/AndroidManifest.xml:2:1-37:12
		INJECTED from src/main/AndroidManifest.xml
	android:versionCode
		INJECTED from src/main/AndroidManifest.xml
		ADDED from src/main/AndroidManifest.xml:2:1-37:12
		INJECTED from src/main/AndroidManifest.xml
	xmlns:android
		ADDED from src/main/AndroidManifest.xml:2:11-69
uses-permission#android.permission.SEND_SMS
ADDED from src/main/AndroidManifest.xml:5:5-67
	android:name
		ADDED from src/main/AndroidManifest.xml:5:22-64
uses-permission#android.permission.INTERNET
ADDED from src/main/AndroidManifest.xml:6:5-67
MERGED from [com.google.firebase:firebase-firestore:17.1.0] AndroidManifest.xml:11:5-67
MERGED from [com.google.firebase:firebase-firestore:17.1.0] AndroidManifest.xml:11:5-67
MERGED from [com.google.firebase:firebase-measurement-connector-impl:17.0.1] AndroidManifest.xml:22:5-67
MERGED from [com.google.firebase:firebase-measurement-connector-impl:17.0.1] AndroidManifest.xml:22:5-67
MERGED from [com.google.firebase:firebase-analytics:16.0.3] AndroidManifest.xml:23:5-67
MERGED from [com.google.firebase:firebase-analytics:16.0.3] AndroidManifest.xml:23:5-67
MERGED from [com.google.firebase:firebase-analytics-impl:16.2.1] AndroidManifest.xml:23:5-67
MERGED from [com.google.firebase:firebase-analytics-impl:16.2.1] AndroidManifest.xml:23:5-67
MERGED from [com.google.firebase:firebase-iid:17.0.0] AndroidManifest.xml:23:5-67
MERGED from [com.google.firebase:firebase-iid:17.0.0] AndroidManifest.xml:23:5-67
MERGED from [com.google.firebase:firebase-database-connection:16.0.1] AndroidManifest.xml:8:5-67
MERGED from [com.google.firebase:firebase-database-connection:16.0.1] AndroidManifest.xml:8:5-67
MERGED from [com.google.firebase:firebase-storage-common:16.0.1] AndroidManifest.xml:8:5-67
MERGED from [com.google.firebase:firebase-storage-common:16.0.1] AndroidManifest.xml:8:5-67
	android:name
		ADDED from src/main/AndroidManifest.xml:6:22-64
uses-permission#android.permission.READ_EXTERNAL_STORAGE
ADDED from src/main/AndroidManifest.xml:7:5-80
	android:name
		ADDED from src/main/AndroidManifest.xml:7:22-77
uses-permission#android.permission.ACCESS_NETWORK_STATE
ADDED from src/main/AndroidManifest.xml:8:5-79
MERGED from [com.google.firebase:firebase-firestore:17.1.0] AndroidManifest.xml:10:5-79
MERGED from [com.google.firebase:firebase-firestore:17.1.0] AndroidManifest.xml:10:5-79
MERGED from [com.google.firebase:firebase-measurement-connector-impl:17.0.1] AndroidManifest.xml:23:5-79
MERGED from [com.google.firebase:firebase-measurement-connector-impl:17.0.1] AndroidManifest.xml:23:5-79
MERGED from [com.google.firebase:firebase-analytics:16.0.3] AndroidManifest.xml:24:5-79
MERGED from [com.google.firebase:firebase-analytics:16.0.3] AndroidManifest.xml:24:5-79
MERGED from [com.google.firebase:firebase-analytics-impl:16.2.1] AndroidManifest.xml:24:5-79
MERGED from [com.google.firebase:firebase-analytics-impl:16.2.1] AndroidManifest.xml:24:5-79
MERGED from [com.google.firebase:firebase-iid:17.0.0] AndroidManifest.xml:22:5-79
MERGED from [com.google.firebase:firebase-iid:17.0.0] AndroidManifest.xml:22:5-79
MERGED from [com.google.firebase:firebase-storage-common:16.0.1] AndroidManifest.xml:7:5-79
MERGED from [com.google.firebase:firebase-storage-common:16.0.1] AndroidManifest.xml:7:5-79
	android:name
		ADDED from src/main/AndroidManifest.xml:8:22-76
uses-permission#android.permission.ACCESS_WIFI_STATE
ADDED from src/main/AndroidManifest.xml:9:5-76
	android:name
		ADDED from src/main/AndroidManifest.xml:9:22-73
uses-permission#android.permission.WRITE_EXTERNAL_STORAGE
ADDED from src/main/AndroidManifest.xml:10:5-81
	android:name
		ADDED from src/main/AndroidManifest.xml:10:22-78
application
ADDED from src/main/AndroidManifest.xml:12:5-35:19
MERGED from [com.android.support:design:28.0.0-alpha1] AndroidManifest.xml:22:5-20
MERGED from [com.android.support:design:28.0.0-alpha1] AndroidManifest.xml:22:5-20
MERGED from [com.android.support:design-bottomappbar:28.0.0-alpha1] AndroidManifest.xml:22:5-20
MERGED from [com.android.support:design-bottomappbar:28.0.0-alpha1] AndroidManifest.xml:22:5-20
MERGED from [com.android.support:design-theme:28.0.0-alpha1] AndroidManifest.xml:22:5-20
MERGED from [com.android.support:design-theme:28.0.0-alpha1] AndroidManifest.xml:22:5-20
MERGED from [com.android.support:design-transformation:28.0.0-alpha1] AndroidManifest.xml:22:5-20
MERGED from [com.android.support:design-transformation:28.0.0-alpha1] AndroidManifest.xml:22:5-20
MERGED from [com.android.support:design-widget:28.0.0-alpha1] AndroidManifest.xml:22:5-20
MERGED from [com.android.support:design-widget:28.0.0-alpha1] AndroidManifest.xml:22:5-20
MERGED from [com.android.support:design-bottomsheet:28.0.0-alpha1] AndroidManifest.xml:22:5-20
MERGED from [com.android.support:design-bottomsheet:28.0.0-alpha1] AndroidManifest.xml:22:5-20
MERGED from [com.android.support:design-dialog:28.0.0-alpha1] AndroidManifest.xml:22:5-20
MERGED from [com.android.support:design-dialog:28.0.0-alpha1] AndroidManifest.xml:22:5-20
MERGED from [com.android.support:design-button:28.0.0-alpha1] AndroidManifest.xml:22:5-20
MERGED from [com.android.support:design-button:28.0.0-alpha1] AndroidManifest.xml:22:5-20
MERGED from [com.android.support:design-card:28.0.0-alpha1] AndroidManifest.xml:22:5-20
MERGED from [com.android.support:design-card:28.0.0-alpha1] AndroidManifest.xml:22:5-20
MERGED from [com.android.support:design-chip:28.0.0-alpha1] AndroidManifest.xml:22:5-20
MERGED from [com.android.support:design-chip:28.0.0-alpha1] AndroidManifest.xml:22:5-20
MERGED from [com.android.support:design-internal:28.0.0-alpha1] AndroidManifest.xml:22:5-20
MERGED from [com.android.support:design-internal:28.0.0-alpha1] AndroidManifest.xml:22:5-20
MERGED from [com.android.support:design-bottomnavigation:28.0.0-alpha1] AndroidManifest.xml:22:5-20
MERGED from [com.android.support:design-bottomnavigation:28.0.0-alpha1] AndroidManifest.xml:22:5-20
MERGED from [com.android.support:design-floatingactionbutton:28.0.0-alpha1] AndroidManifest.xml:22:5-20
MERGED from [com.android.support:design-floatingactionbutton:28.0.0-alpha1] AndroidManifest.xml:22:5-20
MERGED from [com.android.support:design-navigation:28.0.0-alpha1] AndroidManifest.xml:22:5-20
MERGED from [com.android.support:design-navigation:28.0.0-alpha1] AndroidManifest.xml:22:5-20
MERGED from [com.android.support:design-resources:28.0.0-alpha1] AndroidManifest.xml:22:5-20
MERGED from [com.android.support:design-resources:28.0.0-alpha1] AndroidManifest.xml:22:5-20
MERGED from [com.android.support:design-tabs:28.0.0-alpha1] AndroidManifest.xml:22:5-20
MERGED from [com.android.support:design-tabs:28.0.0-alpha1] AndroidManifest.xml:22:5-20
MERGED from [com.android.support:design-textfield:28.0.0-alpha1] AndroidManifest.xml:22:5-20
MERGED from [com.android.support:design-textfield:28.0.0-alpha1] AndroidManifest.xml:22:5-20
MERGED from [com.android.support:design-typography:28.0.0-alpha1] AndroidManifest.xml:22:5-20
MERGED from [com.android.support:design-typography:28.0.0-alpha1] AndroidManifest.xml:22:5-20
MERGED from [com.android.support:design-shape:28.0.0-alpha1] AndroidManifest.xml:22:5-20
MERGED from [com.android.support:design-shape:28.0.0-alpha1] AndroidManifest.xml:22:5-20
MERGED from [com.google.firebase:firebase-firestore:17.1.0] AndroidManifest.xml:13:5-19:19
MERGED from [com.google.firebase:firebase-firestore:17.1.0] AndroidManifest.xml:13:5-19:19
MERGED from [com.google.firebase:firebase-auth:16.0.3] AndroidManifest.xml:22:5-36:19
MERGED from [com.google.firebase:firebase-auth:16.0.3] AndroidManifest.xml:22:5-36:19
MERGED from [com.google.firebase:firebase-messaging:17.3.0] AndroidManifest.xml:22:5-35:19
MERGED from [com.google.firebase:firebase-messaging:17.3.0] AndroidManifest.xml:22:5-35:19
MERGED from [com.google.firebase:firebase-core:16.0.3] AndroidManifest.xml:7:5-20
MERGED from [com.google.firebase:firebase-core:16.0.3] AndroidManifest.xml:7:5-20
MERGED from [com.google.firebase:firebase-measurement-connector-impl:17.0.1] AndroidManifest.xml:26:5-32:19
MERGED from [com.google.firebase:firebase-measurement-connector-impl:17.0.1] AndroidManifest.xml:26:5-32:19
MERGED from [com.google.firebase:firebase-analytics:16.0.3] AndroidManifest.xml:28:5-53:19
MERGED from [com.google.firebase:firebase-analytics:16.0.3] AndroidManifest.xml:28:5-53:19
MERGED from [com.google.firebase:firebase-auth-interop:16.0.0] AndroidManifest.xml:7:5-8:19
MERGED from [com.google.firebase:firebase-auth-interop:16.0.0] AndroidManifest.xml:7:5-8:19
MERGED from [com.google.android.gms:play-services-measurement-api:16.0.1] AndroidManifest.xml:22:5-23:19
MERGED from [com.google.android.gms:play-services-measurement-api:16.0.1] AndroidManifest.xml:22:5-23:19
MERGED from [com.google.firebase:firebase-analytics-impl:16.2.1] AndroidManifest.xml:28:5-38:19
MERGED from [com.google.firebase:firebase-analytics-impl:16.2.1] AndroidManifest.xml:28:5-38:19
MERGED from [com.google.firebase:firebase-iid:17.0.0] AndroidManifest.xml:28:5-57:19
MERGED from [com.google.firebase:firebase-iid:17.0.0] AndroidManifest.xml:28:5-57:19
MERGED from [com.google.firebase:firebase-iid-interop:16.0.0] AndroidManifest.xml:7:5-8:19
MERGED from [com.google.firebase:firebase-iid-interop:16.0.0] AndroidManifest.xml:7:5-8:19
MERGED from [com.google.android.gms:play-services-base:15.0.1] AndroidManifest.xml:22:5-27:19
MERGED from [com.google.android.gms:play-services-base:15.0.1] AndroidManifest.xml:22:5-27:19
MERGED from [com.google.firebase:firebase-common:16.0.1] AndroidManifest.xml:9:5-15:19
MERGED from [com.google.firebase:firebase-common:16.0.1] AndroidManifest.xml:9:5-15:19
MERGED from [com.google.android.gms:play-services-tasks:15.0.1] AndroidManifest.xml:7:5-20
MERGED from [com.google.android.gms:play-services-tasks:15.0.1] AndroidManifest.xml:7:5-20
MERGED from [com.google.android.gms:play-services-stats:15.0.1] AndroidManifest.xml:7:5-20
MERGED from [com.google.android.gms:play-services-stats:15.0.1] AndroidManifest.xml:7:5-20
MERGED from [com.google.android.gms:play-services-ads-identifier:15.0.1] AndroidManifest.xml:22:5-20
MERGED from [com.google.android.gms:play-services-ads-identifier:15.0.1] AndroidManifest.xml:22:5-20
MERGED from [com.google.firebase:firebase-measurement-connector:17.0.0] AndroidManifest.xml:22:5-23:19
MERGED from [com.google.firebase:firebase-measurement-connector:17.0.0] AndroidManifest.xml:22:5-23:19
MERGED from [com.google.android.gms:play-services-basement:15.0.1] AndroidManifest.xml:22:5-26:19
MERGED from [com.google.android.gms:play-services-basement:15.0.1] AndroidManifest.xml:22:5-26:19
MERGED from [com.android.support.constraint:constraint-layout:1.1.2] AndroidManifest.xml:9:5-20
MERGED from [com.android.support.constraint:constraint-layout:1.1.2] AndroidManifest.xml:9:5-20
MERGED from [com.android.support:design-animation:28.0.0-alpha1] AndroidManifest.xml:22:5-20
MERGED from [com.android.support:design-animation:28.0.0-alpha1] AndroidManifest.xml:22:5-20
MERGED from [com.android.support:design-circularreveal-coordinatorlayout:28.0.0-alpha1] AndroidManifest.xml:22:5-20
MERGED from [com.android.support:design-circularreveal-coordinatorlayout:28.0.0-alpha1] AndroidManifest.xml:22:5-20
MERGED from [com.android.support:design-expandable:28.0.0-alpha1] AndroidManifest.xml:22:5-20
MERGED from [com.android.support:design-expandable:28.0.0-alpha1] AndroidManifest.xml:22:5-20
MERGED from [com.android.support:design-stateful:28.0.0-alpha1] AndroidManifest.xml:22:5-20
MERGED from [com.android.support:design-stateful:28.0.0-alpha1] AndroidManifest.xml:22:5-20
MERGED from [com.android.support:design-ripple:28.0.0-alpha1] AndroidManifest.xml:22:5-20
MERGED from [com.android.support:design-ripple:28.0.0-alpha1] AndroidManifest.xml:22:5-20
MERGED from [com.android.support:design-canvas:28.0.0-alpha1] AndroidManifest.xml:22:5-20
MERGED from [com.android.support:design-canvas:28.0.0-alpha1] AndroidManifest.xml:22:5-20
MERGED from [com.android.support:design-circularreveal-cardview:28.0.0-alpha1] AndroidManifest.xml:22:5-20
MERGED from [com.android.support:design-circularreveal-cardview:28.0.0-alpha1] AndroidManifest.xml:22:5-20
MERGED from [com.android.support:design-circularreveal:28.0.0-alpha1] AndroidManifest.xml:22:5-20
MERGED from [com.android.support:design-circularreveal:28.0.0-alpha1] AndroidManifest.xml:22:5-20
MERGED from [com.android.support:design-drawable:28.0.0-alpha1] AndroidManifest.xml:22:5-20
MERGED from [com.android.support:design-drawable:28.0.0-alpha1] AndroidManifest.xml:22:5-20
MERGED from [com.android.support:design-color:28.0.0-alpha1] AndroidManifest.xml:22:5-20
MERGED from [com.android.support:design-color:28.0.0-alpha1] AndroidManifest.xml:22:5-20
MERGED from [com.android.support:design-math:28.0.0-alpha1] AndroidManifest.xml:22:5-20
MERGED from [com.android.support:design-math:28.0.0-alpha1] AndroidManifest.xml:22:5-20
MERGED from [com.android.support:design-snackbar:28.0.0-alpha1] AndroidManifest.xml:22:5-20
MERGED from [com.android.support:design-snackbar:28.0.0-alpha1] AndroidManifest.xml:22:5-20
MERGED from [com.google.android.gms:play-services-measurement-base:16.0.2] AndroidManifest.xml:7:5-20
MERGED from [com.google.android.gms:play-services-measurement-base:16.0.2] AndroidManifest.xml:7:5-20
	android:supportsRtl
		ADDED from src/main/AndroidManifest.xml:17:9-35
	android:label
		ADDED from src/main/AndroidManifest.xml:15:9-41
	android:roundIcon
		ADDED from src/main/AndroidManifest.xml:16:9-54
	android:icon
		ADDED from src/main/AndroidManifest.xml:14:9-43
	android:allowBackup
		ADDED from src/main/AndroidManifest.xml:13:9-35
	android:theme
		ADDED from src/main/AndroidManifest.xml:18:9-40
activity#com.example.apiiit_rkv.frontend.MainActivity
ADDED from src/main/AndroidManifest.xml:19:9-21:59
	android:theme
		ADDED from src/main/AndroidManifest.xml:21:13-56
	android:name
		ADDED from src/main/AndroidManifest.xml:20:13-41
activity#com.example.apiiit_rkv.frontend.ScreenSplashActivity
ADDED from src/main/AndroidManifest.xml:22:9-28:20
	android:name
		ADDED from src/main/AndroidManifest.xml:22:19-55
intent-filter#action:name:android.intent.action.MAIN+category:name:android.intent.category.LAUNCHER
ADDED from src/main/AndroidManifest.xml:23:13-27:29
action#android.intent.action.MAIN
ADDED from src/main/AndroidManifest.xml:24:17-69
	android:name
		ADDED from src/main/AndroidManifest.xml:24:25-66
category#android.intent.category.LAUNCHER
ADDED from src/main/AndroidManifest.xml:26:17-77
	android:name
		ADDED from src/main/AndroidManifest.xml:26:27-74
activity#com.example.apiiit_rkv.frontend.ContactActivity
ADDED from src/main/AndroidManifest.xml:29:9-53
	android:name
		ADDED from src/main/AndroidManifest.xml:29:19-50
activity#com.example.apiiit_rkv.frontend.DocumentAmountActivity
ADDED from src/main/AndroidManifest.xml:30:9-60
	android:name
		ADDED from src/main/AndroidManifest.xml:30:19-57
activity#com.example.apiiit_rkv.frontend.DocumentAddressActivity
ADDED from src/main/AndroidManifest.xml:31:9-61
	android:name
		ADDED from src/main/AndroidManifest.xml:31:19-58
activity#com.example.apiiit_rkv.frontend.PaymentActivity
ADDED from src/main/AndroidManifest.xml:32:9-53
	android:name
		ADDED from src/main/AndroidManifest.xml:32:19-50
activity#com.example.apiiit_rkv.frontend.DocumentApplication
ADDED from src/main/AndroidManifest.xml:33:9-57
	android:name
		ADDED from src/main/AndroidManifest.xml:33:19-54
activity#com.example.apiiit_rkv.frontend.DocumentStatusActivity
ADDED from src/main/AndroidManifest.xml:34:9-60
	android:name
		ADDED from src/main/AndroidManifest.xml:34:19-57
uses-sdk
INJECTED from src/main/AndroidManifest.xml reason: use-sdk injection requested
INJECTED from src/main/AndroidManifest.xml
INJECTED from src/main/AndroidManifest.xml
MERGED from [com.android.support:multidex:1.0.3] AndroidManifest.xml:20:5-43
MERGED from [com.android.support:multidex:1.0.3] AndroidManifest.xml:20:5-43
MERGED from [com.android.support:design:28.0.0-alpha1] AndroidManifest.xml:20:5-44
MERGED from [com.android.support:design:28.0.0-alpha1] AndroidManifest.xml:20:5-44
MERGED from [com.android.support:customtabs:28.0.0-alpha1] AndroidManifest.xml:21:5-44
MERGED from [com.android.support:customtabs:28.0.0-alpha1] AndroidManifest.xml:21:5-44
MERGED from [com.android.support:design-bottomappbar:28.0.0-alpha1] AndroidManifest.xml:20:5-44
MERGED from [com.android.support:design-bottomappbar:28.0.0-alpha1] AndroidManifest.xml:20:5-44
MERGED from [com.android.support:design-theme:28.0.0-alpha1] AndroidManifest.xml:20:5-44
MERGED from [com.android.support:design-theme:28.0.0-alpha1] AndroidManifest.xml:20:5-44
MERGED from [com.android.support:design-transformation:28.0.0-alpha1] AndroidManifest.xml:20:5-44
MERGED from [com.android.support:design-transformation:28.0.0-alpha1] AndroidManifest.xml:20:5-44
MERGED from [com.android.support:design-widget:28.0.0-alpha1] AndroidManifest.xml:20:5-44
MERGED from [com.android.support:design-widget:28.0.0-alpha1] AndroidManifest.xml:20:5-44
MERGED from [com.android.support:design-bottomsheet:28.0.0-alpha1] AndroidManifest.xml:20:5-44
MERGED from [com.android.support:design-bottomsheet:28.0.0-alpha1] AndroidManifest.xml:20:5-44
MERGED from [com.android.support:design-dialog:28.0.0-alpha1] AndroidManifest.xml:20:5-44
MERGED from [com.android.support:design-dialog:28.0.0-alpha1] AndroidManifest.xml:20:5-44
MERGED from [com.android.support:design-button:28.0.0-alpha1] AndroidManifest.xml:20:5-44
MERGED from [com.android.support:design-button:28.0.0-alpha1] AndroidManifest.xml:20:5-44
MERGED from [com.android.support:design-card:28.0.0-alpha1] AndroidManifest.xml:20:5-44
MERGED from [com.android.support:design-card:28.0.0-alpha1] AndroidManifest.xml:20:5-44
MERGED from [com.android.support:design-chip:28.0.0-alpha1] AndroidManifest.xml:20:5-44
MERGED from [com.android.support:design-chip:28.0.0-alpha1] AndroidManifest.xml:20:5-44
MERGED from [com.android.support:design-internal:28.0.0-alpha1] AndroidManifest.xml:20:5-44
MERGED from [com.android.support:design-internal:28.0.0-alpha1] AndroidManifest.xml:20:5-44
MERGED from [com.android.support:design-bottomnavigation:28.0.0-alpha1] AndroidManifest.xml:20:5-44
MERGED from [com.android.support:design-bottomnavigation:28.0.0-alpha1] AndroidManifest.xml:20:5-44
MERGED from [com.android.support:design-floatingactionbutton:28.0.0-alpha1] AndroidManifest.xml:20:5-44
MERGED from [com.android.support:design-floatingactionbutton:28.0.0-alpha1] AndroidManifest.xml:20:5-44
MERGED from [com.android.support:design-navigation:28.0.0-alpha1] AndroidManifest.xml:20:5-44
MERGED from [com.android.support:design-navigation:28.0.0-alpha1] AndroidManifest.xml:20:5-44
MERGED from [com.android.support:design-resources:28.0.0-alpha1] AndroidManifest.xml:20:5-44
MERGED from [com.android.support:design-resources:28.0.0-alpha1] AndroidManifest.xml:20:5-44
MERGED from [com.android.support:design-tabs:28.0.0-alpha1] AndroidManifest.xml:20:5-44
MERGED from [com.android.support:design-tabs:28.0.0-alpha1] AndroidManifest.xml:20:5-44
MERGED from [com.android.support:design-textfield:28.0.0-alpha1] AndroidManifest.xml:20:5-44
MERGED from [com.android.support:design-textfield:28.0.0-alpha1] AndroidManifest.xml:20:5-44
MERGED from [com.android.support:design-typography:28.0.0-alpha1] AndroidManifest.xml:20:5-44
MERGED from [com.android.support:design-typography:28.0.0-alpha1] AndroidManifest.xml:20:5-44
MERGED from [com.android.support:design-shape:28.0.0-alpha1] AndroidManifest.xml:20:5-44
MERGED from [com.android.support:design-shape:28.0.0-alpha1] AndroidManifest.xml:20:5-44
MERGED from [com.android.support:appcompat-v7:28.0.0-alpha1] AndroidManifest.xml:21:5-44
MERGED from [com.android.support:appcompat-v7:28.0.0-alpha1] AndroidManifest.xml:21:5-44
MERGED from [com.android.support:animated-vector-drawable:28.0.0-alpha1] AndroidManifest.xml:21:5-44
MERGED from [com.android.support:animated-vector-drawable:28.0.0-alpha1] AndroidManifest.xml:21:5-44
MERGED from [com.android.support:support-vector-drawable:28.0.0-alpha1] AndroidManifest.xml:20:5-44
MERGED from [com.android.support:support-vector-drawable:28.0.0-alpha1] AndroidManifest.xml:20:5-44
MERGED from [com.google.firebase:firebase-database:16.0.1] AndroidManifest.xml:6:5-44
MERGED from [com.google.firebase:firebase-database:16.0.1] AndroidManifest.xml:6:5-44
MERGED from [com.google.firebase:firebase-firestore:17.1.0] AndroidManifest.xml:6:5-8:41
MERGED from [com.google.firebase:firebase-firestore:17.1.0] AndroidManifest.xml:6:5-8:41
MERGED from [com.google.firebase:firebase-storage:16.0.1] AndroidManifest.xml:5:5-44
MERGED from [com.google.firebase:firebase-storage:16.0.1] AndroidManifest.xml:5:5-44
MERGED from [com.google.firebase:firebase-auth:16.0.3] AndroidManifest.xml:20:5-44
MERGED from [com.google.firebase:firebase-auth:16.0.3] AndroidManifest.xml:20:5-44